<metadata>
  <effectiveDate>2019-01-20</effectiveDate>
  <bobsLastName>Smith</bobsLastName>
</metadata>